E:\工作目录\HAOYIN\C++\MIDIFILEPARSER\BIN\PARSERUI.EXE
E:\工作目录\HAOYIN\C++\MIDIFILEPARSER\BIN\PARSERUI.PDB
E:\工作目录\haoyin\c++\MidiFileParser\ParserUI\obj\cl.command.1.tlog
E:\工作目录\haoyin\c++\MidiFileParser\ParserUI\obj\CL.read.1.tlog
E:\工作目录\haoyin\c++\MidiFileParser\ParserUI\obj\CL.write.1.tlog
E:\工作目录\haoyin\c++\MidiFileParser\ParserUI\obj\link.command.1.tlog
E:\工作目录\haoyin\c++\MidiFileParser\ParserUI\obj\link.read.1.tlog
E:\工作目录\haoyin\c++\MidiFileParser\ParserUI\obj\link.write.1.tlog
E:\工作目录\haoyin\c++\MidiFileParser\ParserUI\obj\link-cvtres.read.1.tlog
E:\工作目录\haoyin\c++\MidiFileParser\ParserUI\obj\link-cvtres.write.1.tlog
E:\工作目录\HAOYIN\C++\MIDIFILEPARSER\PARSERUI\OBJ\MAIN.OBJ
E:\工作目录\HAOYIN\C++\MIDIFILEPARSER\PARSERUI\OBJ\MAINWINDOW.OBJ
E:\工作目录\haoyin\c++\MidiFileParser\ParserUI\obj\mt.command.1.tlog
E:\工作目录\haoyin\c++\MidiFileParser\ParserUI\obj\mt.read.1.tlog
E:\工作目录\haoyin\c++\MidiFileParser\ParserUI\obj\mt.write.1.tlog
E:\工作目录\HAOYIN\C++\MIDIFILEPARSER\PARSERUI\OBJ\PARSERUI.EXE.INTERMEDIATE.MANIFEST
E:\工作目录\HAOYIN\C++\MIDIFILEPARSER\PARSERUI\OBJ\PARSERUI.RES
E:\工作目录\haoyin\c++\MidiFileParser\ParserUI\obj\rc.command.1.tlog
E:\工作目录\haoyin\c++\MidiFileParser\ParserUI\obj\rc.read.1.tlog
E:\工作目录\haoyin\c++\MidiFileParser\ParserUI\obj\rc.write.1.tlog
E:\工作目录\haoyin\c++\MidiFileParser\ParserUI\obj\vc100.idb
E:\工作目录\HAOYIN\C++\MIDIFILEPARSER\PARSERUI\OBJ\VC100.PDB
