E:\工作目录\HAOYIN\C++\MIDIFILEPARSER\BIN\MIDIXMLPARSER.DLL
E:\工作目录\HAOYIN\C++\MIDIFILEPARSER\BIN\MIDIXMLPARSER.PDB
E:\工作目录\haoyin\c++\MidiFileParser\lib\MidiXmlParser.exp
E:\工作目录\haoyin\c++\MidiFileParser\lib\MidiXmlParser.lib
E:\工作目录\haoyin\c++\MidiFileParser\MidiXmlParser\obj\cl.command.1.tlog
E:\工作目录\haoyin\c++\MidiFileParser\MidiXmlParser\obj\CL.read.1.tlog
E:\工作目录\haoyin\c++\MidiFileParser\MidiXmlParser\obj\CL.write.1.tlog
E:\工作目录\haoyin\c++\MidiFileParser\MidiXmlParser\obj\link.command.1.tlog
E:\工作目录\haoyin\c++\MidiFileParser\MidiXmlParser\obj\link.read.1.tlog
E:\工作目录\haoyin\c++\MidiFileParser\MidiXmlParser\obj\link.write.1.tlog
E:\工作目录\HAOYIN\C++\MIDIFILEPARSER\MIDIXMLPARSER\OBJ\MEASURETOTICK.OBJ
E:\工作目录\HAOYIN\C++\MIDIFILEPARSER\MIDIXMLPARSER\OBJ\MIDIFILE.OBJ
E:\工作目录\HAOYIN\C++\MIDIFILEPARSER\MIDIXMLPARSER\OBJ\MIDIFILESERIALIZE.OBJ
E:\工作目录\HAOYIN\C++\MIDIFILEPARSER\MIDIXMLPARSER\OBJ\MIDIXMLPARSER.DLL.INTERMEDIATE.MANIFEST
E:\工作目录\HAOYIN\C++\MIDIFILEPARSER\MIDIXMLPARSER\OBJ\MIDIXMLPARSER.PCH
E:\工作目录\haoyin\c++\MidiFileParser\MidiXmlParser\obj\MidiXmlParser.write.1.tlog
E:\工作目录\haoyin\c++\MidiFileParser\MidiXmlParser\obj\mt.command.1.tlog
E:\工作目录\haoyin\c++\MidiFileParser\MidiXmlParser\obj\mt.read.1.tlog
E:\工作目录\haoyin\c++\MidiFileParser\MidiXmlParser\obj\mt.write.1.tlog
E:\工作目录\HAOYIN\C++\MIDIFILEPARSER\MIDIXMLPARSER\OBJ\MUSICXMLPARSER.OBJ
E:\工作目录\HAOYIN\C++\MIDIFILEPARSER\MIDIXMLPARSER\OBJ\MYOBJECT.OBJ
E:\工作目录\HAOYIN\C++\MIDIFILEPARSER\MIDIXMLPARSER\OBJ\PARSEEXPORT.OBJ
E:\工作目录\HAOYIN\C++\MIDIFILEPARSER\MIDIXMLPARSER\OBJ\PROBLEMCLASSIFY.OBJ
E:\工作目录\HAOYIN\C++\MIDIFILEPARSER\MIDIXMLPARSER\OBJ\TINYXML2.OBJ
E:\工作目录\haoyin\c++\MidiFileParser\MidiXmlParser\obj\vc100.idb
E:\工作目录\HAOYIN\C++\MIDIFILEPARSER\MIDIXMLPARSER\OBJ\VC100.PDB
E:\工作目录\HAOYIN\C++\MIDIFILEPARSER\MIDIXMLPARSER\OBJ\VMUSIMAGE.OBJ
E:\工作目录\HAOYIN\C++\MIDIFILEPARSER\MIDIXMLPARSER\OBJ\VMUSMUSIC.OBJ
